<?xml version="1.0" encoding="UTF-8"?>
<!-- Generated by org.testng.reporters.JUnitReportReporter -->
<testsuite skipped="0" hostname="DESKTOP-M9LRRON" name="com.AppConfiguring" tests="5" failures="0" timestamp="23 авг 2019 08:35:43 GMT" time="28.912" errors="0">
  <testcase name="createApp" time="6.648" classname="com.AppConfiguring"/>
  <testcase name="uploadCertificates" time="16.655" classname="com.AppConfiguring"/>
  <testcase name="setAdditionalOptions" time="3.720" classname="com.AppConfiguring"/>
  <testcase name="getCredentials" time="1.889" classname="com.AppConfiguring"/>
  <testcase name="createJenkinsCreds" time="0.000" classname="com.AppConfiguring"/>
</testsuite> <!-- com.AppConfiguring -->
