<?xml version="1.0" encoding="UTF-8"?>
<!-- Generated by org.testng.reporters.JUnitReportReporter -->
<testsuite skipped="0" hostname="DESKTOP-M9LRRON" name="com.AppConfiguring" tests="5" failures="0" timestamp="28 авг 2019 09:19:13 GMT" time="29.552" errors="0">
  <testcase name="createApp" time="6.547" classname="com.AppConfiguring"/>
  <testcase name="uploadCertificates" time="17.111" classname="com.AppConfiguring"/>
  <testcase name="setAdditionalOptions" time="3.801" classname="com.AppConfiguring"/>
  <testcase name="getCredentials" time="2.093" classname="com.AppConfiguring"/>
  <testcase name="createJenkinsCreds" time="0.000" classname="com.AppConfiguring"/>
</testsuite> <!-- com.AppConfiguring -->
