<?xml version="1.0" encoding="UTF-8"?>
<testsuite name="com.AppConfiguring" tests="5" skipped="0" failures="0" errors="0" timestamp="2019-08-23T08:35:13" hostname="DESKTOP-M9LRRON" time="28.917">
  <properties/>
  <testcase name="createApp" classname="com.AppConfiguring" time="6.648"/>
  <testcase name="uploadCertificates" classname="com.AppConfiguring" time="16.655"/>
  <testcase name="setAdditionalOptions" classname="com.AppConfiguring" time="3.72"/>
  <testcase name="getCredentials" classname="com.AppConfiguring" time="1.889"/>
  <testcase name="createJenkinsCreds" classname="com.AppConfiguring" time="0.0"/>
  <system-out><![CDATA[*--*--*--*--*--*--*--*--*--*--*--*--*--*--*--*--*--*--*--*--*--*--*--*--*--*--*--*--*--*--*

STAGE:apistage5.quickblox.com,24,dUqxgNdeJ-rszfN,cyhFsRg6XcenNEX,test777,410df400c4f2e57b2ab745b6afafa6ff420041fd,chatstage5.quickblox.com

*--*--*--*--*--*--*--*--*--*--*--*--*--*--*--*--*--*--*--*--*--*--*--*--*--*--*--*--*--*--*
]]></system-out>
  <system-err><![CDATA[авг 23, 2019 11:34:58 AM com.codeborne.selenide.drivercommands.LazyDriver getAndCheckWebDriver
INFO: No webdriver is bound to current thread: 14 - let's create a new webdriver
SLF4J: Failed to load class "org.slf4j.impl.StaticLoggerBinder".
SLF4J: Defaulting to no-operation (NOP) logger implementation
SLF4J: See http://www.slf4j.org/codes.html#StaticLoggerBinder for further details.
Starting ChromeDriver 76.0.3809.126 (d80a294506b4c9d18015e755cee48f953ddc3f2f-refs/branch-heads/3809@{#1024}) on port 33430
Only local connections are allowed.
Please protect ports used by ChromeDriver and related test frameworks to prevent access by malicious code.
авг 23, 2019 11:35:02 AM org.openqa.selenium.remote.ProtocolHandshake createSession
INFO: Detected dialect: W3C
авг 23, 2019 11:35:02 AM com.codeborne.selenide.webdriver.BrowserResizer adjustBrowserSize
INFO: Set browser size to 1366x768
авг 23, 2019 11:35:04 AM com.codeborne.selenide.webdriver.WebDriverFactory logBrowserVersion
INFO: BrowserName=chrome Version=76.0.3809.100 Platform=XP
авг 23, 2019 11:35:04 AM com.codeborne.selenide.webdriver.WebDriverFactory createWebDriver
INFO: Selenide v. 5.2.8
авг 23, 2019 11:35:04 AM com.codeborne.selenide.webdriver.WebDriverFactory logSeleniumInfo
INFO: Selenium WebDriver v. 3.141.59 build time: 2018-11-14T08:17:03
авг 23, 2019 11:35:04 AM com.codeborne.selenide.drivercommands.CreateDriverCommand createDriver
INFO: Create webdriver in current thread 14: ChromeDriver -> ChromeDriver: chrome on XP (5c51a93a603b0b81aa49075d7b95e0c5)
]]></system-err>
</testsuite>
